2023-08-24 15:22:20,593 INFO    StreamThr :5871 [internal.py:wandb_internal():90] W&B internal server running at pid: 5871, started at: 2023-08-24 15:22:20.592725
2023-08-24 15:22:20,596 DEBUG   HandlerThread:5871 [handler.py:handle_request():141] handle_request: status
2023-08-24 15:22:20,598 DEBUG   SenderThread:5871 [sender.py:send_request():316] send_request: status
2023-08-24 15:22:20,601 INFO    WriterThread:5871 [datastore.py:open_for_write():75] open: /media/songoh/ssh3/songoh_ws/MaskDNtoBBox_GPU0/wandb/run-20230824_152220-t8stuqbo/run-t8stuqbo.wandb
2023-08-24 15:22:20,601 DEBUG   SenderThread:5871 [sender.py:send():302] send: header
2023-08-24 15:22:20,602 DEBUG   SenderThread:5871 [sender.py:send():302] send: run
2023-08-24 15:22:21,104 DEBUG   HandlerThread:5871 [handler.py:handle_request():141] handle_request: check_version
2023-08-24 15:22:21,108 INFO    SenderThread:5871 [dir_watcher.py:__init__():216] watching files in: /media/songoh/ssh3/songoh_ws/MaskDNtoBBox_GPU0/wandb/run-20230824_152220-t8stuqbo/files
2023-08-24 15:22:21,108 INFO    SenderThread:5871 [sender.py:_start_run_threads():913] run started: t8stuqbo with start time 1692858140.574764
2023-08-24 15:22:21,109 DEBUG   SenderThread:5871 [sender.py:send():302] send: summary
2023-08-24 15:22:21,109 INFO    SenderThread:5871 [sender.py:_save_file():1156] saving file wandb-summary.json with policy end
2023-08-24 15:22:21,109 DEBUG   SenderThread:5871 [sender.py:send_request():316] send_request: check_version
2023-08-24 15:22:21,216 DEBUG   HandlerThread:5871 [handler.py:handle_request():141] handle_request: run_start
2023-08-24 15:22:21,231 DEBUG   HandlerThread:5871 [meta.py:__init__():35] meta init
2023-08-24 15:22:21,231 DEBUG   HandlerThread:5871 [meta.py:__init__():50] meta init done
2023-08-24 15:22:21,231 DEBUG   HandlerThread:5871 [meta.py:probe():216] probe
2023-08-24 15:22:21,237 DEBUG   HandlerThread:5871 [git.py:repo():40] git repository is invalid
2023-08-24 15:22:21,237 DEBUG   HandlerThread:5871 [meta.py:_save_pip():54] save pip
2023-08-24 15:22:21,237 DEBUG   HandlerThread:5871 [meta.py:_save_pip():68] save pip done
2023-08-24 15:22:21,237 DEBUG   HandlerThread:5871 [meta.py:_save_conda():75] save conda
2023-08-24 15:22:22,111 INFO    Thread-12 :5871 [dir_watcher.py:_on_file_created():275] file/dir created: /media/songoh/ssh3/songoh_ws/MaskDNtoBBox_GPU0/wandb/run-20230824_152220-t8stuqbo/files/conda-environment.yaml
2023-08-24 15:22:22,112 INFO    Thread-12 :5871 [dir_watcher.py:_on_file_created():275] file/dir created: /media/songoh/ssh3/songoh_ws/MaskDNtoBBox_GPU0/wandb/run-20230824_152220-t8stuqbo/files/wandb-summary.json
2023-08-24 15:22:22,112 INFO    Thread-12 :5871 [dir_watcher.py:_on_file_created():275] file/dir created: /media/songoh/ssh3/songoh_ws/MaskDNtoBBox_GPU0/wandb/run-20230824_152220-t8stuqbo/files/requirements.txt
2023-08-24 15:22:25,110 INFO    Thread-12 :5871 [dir_watcher.py:_on_file_modified():292] file/dir modified: /media/songoh/ssh3/songoh_ws/MaskDNtoBBox_GPU0/wandb/run-20230824_152220-t8stuqbo/files/conda-environment.yaml
2023-08-24 15:22:25,206 DEBUG   HandlerThread:5871 [meta.py:_save_conda():85] save conda done
2023-08-24 15:22:25,206 DEBUG   HandlerThread:5871 [meta.py:probe():254] probe done
2023-08-24 15:22:25,251 DEBUG   SenderThread:5871 [sender.py:send():302] send: files
2023-08-24 15:22:25,251 INFO    SenderThread:5871 [sender.py:_save_file():1156] saving file wandb-metadata.json with policy now
2023-08-24 15:22:25,262 DEBUG   HandlerThread:5871 [handler.py:handle_request():141] handle_request: stop_status
2023-08-24 15:22:25,262 DEBUG   SenderThread:5871 [sender.py:send_request():316] send_request: stop_status
2023-08-24 15:22:25,534 DEBUG   SenderThread:5871 [sender.py:send():302] send: telemetry
2023-08-24 15:22:25,535 DEBUG   SenderThread:5871 [sender.py:send():302] send: telemetry
2023-08-24 15:22:25,947 INFO    Thread-16 :5871 [upload_job.py:push():138] Uploaded file /tmp/tmpfl4mt0x3wandb/3w12j1cg-wandb-metadata.json
2023-08-24 15:22:26,098 DEBUG   SenderThread:5871 [sender.py:send():302] send: telemetry
2023-08-24 15:22:26,110 INFO    Thread-12 :5871 [dir_watcher.py:_on_file_created():275] file/dir created: /media/songoh/ssh3/songoh_ws/MaskDNtoBBox_GPU0/wandb/run-20230824_152220-t8stuqbo/files/wandb-metadata.json
2023-08-24 15:22:26,689 DEBUG   SenderThread:5871 [sender.py:send():302] send: telemetry
2023-08-24 15:22:26,703 DEBUG   SenderThread:5871 [sender.py:send():302] send: telemetry
2023-08-24 15:22:27,111 INFO    Thread-12 :5871 [dir_watcher.py:_on_file_created():275] file/dir created: /media/songoh/ssh3/songoh_ws/MaskDNtoBBox_GPU0/wandb/run-20230824_152220-t8stuqbo/files/output.log
2023-08-24 15:22:27,566 DEBUG   SenderThread:5871 [sender.py:send():302] send: telemetry
2023-08-24 15:22:28,460 DEBUG   SenderThread:5871 [sender.py:send():302] send: telemetry
2023-08-24 15:22:29,112 INFO    Thread-12 :5871 [dir_watcher.py:_on_file_modified():292] file/dir modified: /media/songoh/ssh3/songoh_ws/MaskDNtoBBox_GPU0/wandb/run-20230824_152220-t8stuqbo/files/output.log
2023-08-24 15:22:31,112 INFO    Thread-12 :5871 [dir_watcher.py:_on_file_modified():292] file/dir modified: /media/songoh/ssh3/songoh_ws/MaskDNtoBBox_GPU0/wandb/run-20230824_152220-t8stuqbo/files/output.log
2023-08-24 15:22:32,073 DEBUG   SenderThread:5871 [sender.py:send():302] send: config
2023-08-24 15:22:33,113 INFO    Thread-12 :5871 [dir_watcher.py:_on_file_modified():292] file/dir modified: /media/songoh/ssh3/songoh_ws/MaskDNtoBBox_GPU0/wandb/run-20230824_152220-t8stuqbo/files/output.log
2023-08-24 15:22:35,350 DEBUG   SenderThread:5871 [sender.py:send():302] send: telemetry
2023-08-24 15:22:40,116 INFO    Thread-12 :5871 [dir_watcher.py:_on_file_modified():292] file/dir modified: /media/songoh/ssh3/songoh_ws/MaskDNtoBBox_GPU0/wandb/run-20230824_152220-t8stuqbo/files/output.log
2023-08-24 15:22:40,329 DEBUG   SenderThread:5871 [sender.py:send():302] send: telemetry
2023-08-24 15:22:40,666 DEBUG   HandlerThread:5871 [handler.py:handle_request():141] handle_request: stop_status
2023-08-24 15:22:40,667 DEBUG   SenderThread:5871 [sender.py:send_request():316] send_request: stop_status
2023-08-24 15:22:42,116 INFO    Thread-12 :5871 [dir_watcher.py:_on_file_modified():292] file/dir modified: /media/songoh/ssh3/songoh_ws/MaskDNtoBBox_GPU0/wandb/run-20230824_152220-t8stuqbo/files/output.log
2023-08-24 15:22:49,791 DEBUG   SenderThread:5871 [sender.py:send():302] send: stats
2023-08-24 15:22:52,120 INFO    Thread-12 :5871 [dir_watcher.py:_on_file_modified():292] file/dir modified: /media/songoh/ssh3/songoh_ws/MaskDNtoBBox_GPU0/wandb/run-20230824_152220-t8stuqbo/files/config.yaml
2023-08-24 15:22:55,975 DEBUG   HandlerThread:5871 [handler.py:handle_request():141] handle_request: stop_status
2023-08-24 15:22:55,975 DEBUG   SenderThread:5871 [sender.py:send_request():316] send_request: stop_status
2023-08-24 15:23:00,124 INFO    Thread-12 :5871 [dir_watcher.py:_on_file_modified():292] file/dir modified: /media/songoh/ssh3/songoh_ws/MaskDNtoBBox_GPU0/wandb/run-20230824_152220-t8stuqbo/files/output.log
2023-08-24 15:23:02,125 INFO    Thread-12 :5871 [dir_watcher.py:_on_file_modified():292] file/dir modified: /media/songoh/ssh3/songoh_ws/MaskDNtoBBox_GPU0/wandb/run-20230824_152220-t8stuqbo/files/output.log
2023-08-24 15:23:03,536 DEBUG   SenderThread:5871 [sender.py:send():302] send: config
2023-08-24 15:23:05,126 INFO    Thread-12 :5871 [dir_watcher.py:_on_file_modified():292] file/dir modified: /media/songoh/ssh3/songoh_ws/MaskDNtoBBox_GPU0/wandb/run-20230824_152220-t8stuqbo/files/output.log
2023-08-24 15:23:06,131 INFO    Thread-12 :5871 [dir_watcher.py:_on_file_modified():292] file/dir modified: /media/songoh/ssh3/songoh_ws/MaskDNtoBBox_GPU0/wandb/run-20230824_152220-t8stuqbo/files/output.log
2023-08-24 15:23:07,132 INFO    Thread-12 :5871 [dir_watcher.py:_on_file_modified():292] file/dir modified: /media/songoh/ssh3/songoh_ws/MaskDNtoBBox_GPU0/wandb/run-20230824_152220-t8stuqbo/files/output.log
2023-08-24 15:23:08,133 INFO    Thread-12 :5871 [dir_watcher.py:_on_file_modified():292] file/dir modified: /media/songoh/ssh3/songoh_ws/MaskDNtoBBox_GPU0/wandb/run-20230824_152220-t8stuqbo/files/output.log
2023-08-24 15:23:11,322 DEBUG   HandlerThread:5871 [handler.py:handle_request():141] handle_request: stop_status
2023-08-24 15:23:11,323 DEBUG   SenderThread:5871 [sender.py:send_request():316] send_request: stop_status
2023-08-24 15:23:12,134 INFO    Thread-12 :5871 [dir_watcher.py:_on_file_modified():292] file/dir modified: /media/songoh/ssh3/songoh_ws/MaskDNtoBBox_GPU0/wandb/run-20230824_152220-t8stuqbo/files/output.log
2023-08-24 15:23:13,135 INFO    Thread-12 :5871 [dir_watcher.py:_on_file_modified():292] file/dir modified: /media/songoh/ssh3/songoh_ws/MaskDNtoBBox_GPU0/wandb/run-20230824_152220-t8stuqbo/files/output.log
2023-08-24 15:23:15,136 INFO    Thread-12 :5871 [dir_watcher.py:_on_file_modified():292] file/dir modified: /media/songoh/ssh3/songoh_ws/MaskDNtoBBox_GPU0/wandb/run-20230824_152220-t8stuqbo/files/output.log
2023-08-24 15:23:20,493 DEBUG   SenderThread:5871 [sender.py:send():302] send: stats
2023-08-24 15:23:22,138 INFO    Thread-12 :5871 [dir_watcher.py:_on_file_modified():292] file/dir modified: /media/songoh/ssh3/songoh_ws/MaskDNtoBBox_GPU0/wandb/run-20230824_152220-t8stuqbo/files/config.yaml
2023-08-24 15:23:26,565 DEBUG   HandlerThread:5871 [handler.py:handle_request():141] handle_request: stop_status
2023-08-24 15:23:26,565 DEBUG   SenderThread:5871 [sender.py:send_request():316] send_request: stop_status
2023-08-24 15:23:41,799 DEBUG   HandlerThread:5871 [handler.py:handle_request():141] handle_request: stop_status
2023-08-24 15:23:41,800 DEBUG   SenderThread:5871 [sender.py:send_request():316] send_request: stop_status
2023-08-24 15:23:51,073 DEBUG   SenderThread:5871 [sender.py:send():302] send: stats
2023-08-24 15:23:57,075 DEBUG   HandlerThread:5871 [handler.py:handle_request():141] handle_request: stop_status
2023-08-24 15:23:57,075 DEBUG   SenderThread:5871 [sender.py:send_request():316] send_request: stop_status
2023-08-24 15:24:12,324 DEBUG   HandlerThread:5871 [handler.py:handle_request():141] handle_request: stop_status
2023-08-24 15:24:12,325 DEBUG   SenderThread:5871 [sender.py:send_request():316] send_request: stop_status
2023-08-24 15:24:21,633 DEBUG   SenderThread:5871 [sender.py:send():302] send: stats
2023-08-24 15:24:27,565 DEBUG   HandlerThread:5871 [handler.py:handle_request():141] handle_request: stop_status
2023-08-24 15:24:27,566 DEBUG   SenderThread:5871 [sender.py:send_request():316] send_request: stop_status
2023-08-24 15:24:28,165 INFO    Thread-12 :5871 [dir_watcher.py:_on_file_modified():292] file/dir modified: /media/songoh/ssh3/songoh_ws/MaskDNtoBBox_GPU0/wandb/run-20230824_152220-t8stuqbo/files/output.log
2023-08-24 15:24:42,861 DEBUG   HandlerThread:5871 [handler.py:handle_request():141] handle_request: stop_status
2023-08-24 15:24:42,861 DEBUG   SenderThread:5871 [sender.py:send_request():316] send_request: stop_status
2023-08-24 15:24:52,173 DEBUG   SenderThread:5871 [sender.py:send():302] send: stats
2023-08-24 15:24:58,190 DEBUG   HandlerThread:5871 [handler.py:handle_request():141] handle_request: stop_status
2023-08-24 15:24:58,191 DEBUG   SenderThread:5871 [sender.py:send_request():316] send_request: stop_status
2023-08-24 15:25:13,481 DEBUG   HandlerThread:5871 [handler.py:handle_request():141] handle_request: stop_status
2023-08-24 15:25:13,481 DEBUG   SenderThread:5871 [sender.py:send_request():316] send_request: stop_status
2023-08-24 15:25:22,736 DEBUG   SenderThread:5871 [sender.py:send():302] send: stats
2023-08-24 15:25:28,800 DEBUG   HandlerThread:5871 [handler.py:handle_request():141] handle_request: stop_status
2023-08-24 15:25:28,800 DEBUG   SenderThread:5871 [sender.py:send_request():316] send_request: stop_status
2023-08-24 15:25:44,062 DEBUG   HandlerThread:5871 [handler.py:handle_request():141] handle_request: stop_status
2023-08-24 15:25:44,062 DEBUG   SenderThread:5871 [sender.py:send_request():316] send_request: stop_status
2023-08-24 15:25:53,364 DEBUG   SenderThread:5871 [sender.py:send():302] send: stats
2023-08-24 15:25:59,296 DEBUG   HandlerThread:5871 [handler.py:handle_request():141] handle_request: stop_status
2023-08-24 15:25:59,297 DEBUG   SenderThread:5871 [sender.py:send_request():316] send_request: stop_status
2023-08-24 15:26:14,613 DEBUG   HandlerThread:5871 [handler.py:handle_request():141] handle_request: stop_status
2023-08-24 15:26:14,613 DEBUG   SenderThread:5871 [sender.py:send_request():316] send_request: stop_status
2023-08-24 15:26:23,904 DEBUG   SenderThread:5871 [sender.py:send():302] send: stats
2023-08-24 15:26:29,910 DEBUG   HandlerThread:5871 [handler.py:handle_request():141] handle_request: stop_status
2023-08-24 15:26:29,911 DEBUG   SenderThread:5871 [sender.py:send_request():316] send_request: stop_status
2023-08-24 15:26:45,219 DEBUG   HandlerThread:5871 [handler.py:handle_request():141] handle_request: stop_status
2023-08-24 15:26:45,219 DEBUG   SenderThread:5871 [sender.py:send_request():316] send_request: stop_status
2023-08-24 15:26:54,489 DEBUG   SenderThread:5871 [sender.py:send():302] send: stats
2023-08-24 15:27:00,511 DEBUG   HandlerThread:5871 [handler.py:handle_request():141] handle_request: stop_status
2023-08-24 15:27:00,511 DEBUG   SenderThread:5871 [sender.py:send_request():316] send_request: stop_status
2023-08-24 15:27:15,912 DEBUG   HandlerThread:5871 [handler.py:handle_request():141] handle_request: stop_status
2023-08-24 15:27:15,913 DEBUG   SenderThread:5871 [sender.py:send_request():316] send_request: stop_status
2023-08-24 15:27:25,077 DEBUG   SenderThread:5871 [sender.py:send():302] send: stats
2023-08-24 15:27:31,168 DEBUG   HandlerThread:5871 [handler.py:handle_request():141] handle_request: stop_status
2023-08-24 15:27:31,168 DEBUG   SenderThread:5871 [sender.py:send_request():316] send_request: stop_status
2023-08-24 15:27:46,418 DEBUG   HandlerThread:5871 [handler.py:handle_request():141] handle_request: stop_status
2023-08-24 15:27:46,419 DEBUG   SenderThread:5871 [sender.py:send_request():316] send_request: stop_status
2023-08-24 15:27:55,672 DEBUG   SenderThread:5871 [sender.py:send():302] send: stats
2023-08-24 15:28:01,754 DEBUG   HandlerThread:5871 [handler.py:handle_request():141] handle_request: stop_status
2023-08-24 15:28:01,754 DEBUG   SenderThread:5871 [sender.py:send_request():316] send_request: stop_status
2023-08-24 15:28:17,063 DEBUG   HandlerThread:5871 [handler.py:handle_request():141] handle_request: stop_status
2023-08-24 15:28:17,063 DEBUG   SenderThread:5871 [sender.py:send_request():316] send_request: stop_status
2023-08-24 15:28:26,281 DEBUG   SenderThread:5871 [sender.py:send():302] send: stats
2023-08-24 15:28:32,310 DEBUG   HandlerThread:5871 [handler.py:handle_request():141] handle_request: stop_status
2023-08-24 15:28:32,310 DEBUG   SenderThread:5871 [sender.py:send_request():316] send_request: stop_status
2023-08-24 15:28:47,595 DEBUG   HandlerThread:5871 [handler.py:handle_request():141] handle_request: stop_status
2023-08-24 15:28:47,595 DEBUG   SenderThread:5871 [sender.py:send_request():316] send_request: stop_status
2023-08-24 15:28:56,944 DEBUG   SenderThread:5871 [sender.py:send():302] send: stats
2023-08-24 15:29:02,818 DEBUG   HandlerThread:5871 [handler.py:handle_request():141] handle_request: stop_status
2023-08-24 15:29:02,818 DEBUG   SenderThread:5871 [sender.py:send_request():316] send_request: stop_status
2023-08-24 15:29:18,087 DEBUG   HandlerThread:5871 [handler.py:handle_request():141] handle_request: stop_status
2023-08-24 15:29:18,087 DEBUG   SenderThread:5871 [sender.py:send_request():316] send_request: stop_status
2023-08-24 15:29:27,529 DEBUG   SenderThread:5871 [sender.py:send():302] send: stats
2023-08-24 15:29:33,307 DEBUG   HandlerThread:5871 [handler.py:handle_request():141] handle_request: stop_status
2023-08-24 15:29:33,307 DEBUG   SenderThread:5871 [sender.py:send_request():316] send_request: stop_status
2023-08-24 15:29:48,561 DEBUG   HandlerThread:5871 [handler.py:handle_request():141] handle_request: stop_status
2023-08-24 15:29:48,561 DEBUG   SenderThread:5871 [sender.py:send_request():316] send_request: stop_status
2023-08-24 15:29:58,085 DEBUG   SenderThread:5871 [sender.py:send():302] send: stats
2023-08-24 15:30:03,850 DEBUG   HandlerThread:5871 [handler.py:handle_request():141] handle_request: stop_status
2023-08-24 15:30:03,850 DEBUG   SenderThread:5871 [sender.py:send_request():316] send_request: stop_status
2023-08-24 15:30:19,091 DEBUG   HandlerThread:5871 [handler.py:handle_request():141] handle_request: stop_status
2023-08-24 15:30:19,091 DEBUG   SenderThread:5871 [sender.py:send_request():316] send_request: stop_status
2023-08-24 15:30:28,610 DEBUG   SenderThread:5871 [sender.py:send():302] send: stats
2023-08-24 15:30:34,313 DEBUG   HandlerThread:5871 [handler.py:handle_request():141] handle_request: stop_status
2023-08-24 15:30:34,314 DEBUG   SenderThread:5871 [sender.py:send_request():316] send_request: stop_status
2023-08-24 15:30:49,580 DEBUG   HandlerThread:5871 [handler.py:handle_request():141] handle_request: stop_status
2023-08-24 15:30:49,581 DEBUG   SenderThread:5871 [sender.py:send_request():316] send_request: stop_status
2023-08-24 15:30:59,174 DEBUG   SenderThread:5871 [sender.py:send():302] send: stats
2023-08-24 15:31:04,841 DEBUG   HandlerThread:5871 [handler.py:handle_request():141] handle_request: stop_status
2023-08-24 15:31:04,842 DEBUG   SenderThread:5871 [sender.py:send_request():316] send_request: stop_status
2023-08-24 15:31:20,075 DEBUG   HandlerThread:5871 [handler.py:handle_request():141] handle_request: stop_status
2023-08-24 15:31:20,075 DEBUG   SenderThread:5871 [sender.py:send_request():316] send_request: stop_status
2023-08-24 15:31:29,733 DEBUG   SenderThread:5871 [sender.py:send():302] send: stats
2023-08-24 15:31:35,310 DEBUG   HandlerThread:5871 [handler.py:handle_request():141] handle_request: stop_status
2023-08-24 15:31:35,311 DEBUG   SenderThread:5871 [sender.py:send_request():316] send_request: stop_status
2023-08-24 15:31:50,598 DEBUG   HandlerThread:5871 [handler.py:handle_request():141] handle_request: stop_status
2023-08-24 15:31:50,598 DEBUG   SenderThread:5871 [sender.py:send_request():316] send_request: stop_status
2023-08-24 15:32:00,272 DEBUG   SenderThread:5871 [sender.py:send():302] send: stats
2023-08-24 15:32:07,736 DEBUG   HandlerThread:5871 [handler.py:handle_request():141] handle_request: stop_status
2023-08-24 15:32:07,736 DEBUG   SenderThread:5871 [sender.py:send_request():316] send_request: stop_status
2023-08-24 15:32:27,736 DEBUG   HandlerThread:5871 [handler.py:handle_request():141] handle_request: stop_status
2023-08-24 15:32:27,736 DEBUG   SenderThread:5871 [sender.py:send_request():316] send_request: stop_status
2023-08-24 15:32:47,737 DEBUG   HandlerThread:5871 [handler.py:handle_request():141] handle_request: stop_status
2023-08-24 15:33:01,426 ERROR   SenderThread:5871 [retry.py:__call__():154] Retry attempt failed:
Traceback (most recent call last):
  File "/home/songoh/miniconda3/envs/mask/lib/python3.10/site-packages/urllib3/connectionpool.py", line 449, in _make_request
    six.raise_from(e, None)
  File "<string>", line 3, in raise_from
  File "/home/songoh/miniconda3/envs/mask/lib/python3.10/site-packages/urllib3/connectionpool.py", line 444, in _make_request
    httplib_response = conn.getresponse()
  File "/home/songoh/miniconda3/envs/mask/lib/python3.10/http/client.py", line 1374, in getresponse
    response.begin()
  File "/home/songoh/miniconda3/envs/mask/lib/python3.10/http/client.py", line 318, in begin
    version, status, reason = self._read_status()
  File "/home/songoh/miniconda3/envs/mask/lib/python3.10/http/client.py", line 279, in _read_status
    line = str(self.fp.readline(_MAXLINE + 1), "iso-8859-1")
  File "/home/songoh/miniconda3/envs/mask/lib/python3.10/socket.py", line 705, in readinto
    return self._sock.recv_into(b)
  File "/home/songoh/miniconda3/envs/mask/lib/python3.10/ssl.py", line 1274, in recv_into
    return self.read(nbytes, buffer)
  File "/home/songoh/miniconda3/envs/mask/lib/python3.10/ssl.py", line 1130, in read
    return self._sslobj.read(len, buffer)
TimeoutError: The read operation timed out

During handling of the above exception, another exception occurred:

Traceback (most recent call last):
  File "/home/songoh/miniconda3/envs/mask/lib/python3.10/site-packages/requests/adapters.py", line 489, in send
    resp = conn.urlopen(
  File "/home/songoh/miniconda3/envs/mask/lib/python3.10/site-packages/urllib3/connectionpool.py", line 787, in urlopen
    retries = retries.increment(
  File "/home/songoh/miniconda3/envs/mask/lib/python3.10/site-packages/urllib3/util/retry.py", line 550, in increment
    raise six.reraise(type(error), error, _stacktrace)
  File "/home/songoh/miniconda3/envs/mask/lib/python3.10/site-packages/urllib3/packages/six.py", line 770, in reraise
    raise value
  File "/home/songoh/miniconda3/envs/mask/lib/python3.10/site-packages/urllib3/connectionpool.py", line 703, in urlopen
    httplib_response = self._make_request(
  File "/home/songoh/miniconda3/envs/mask/lib/python3.10/site-packages/urllib3/connectionpool.py", line 451, in _make_request
    self._raise_timeout(err=e, url=url, timeout_value=read_timeout)
  File "/home/songoh/miniconda3/envs/mask/lib/python3.10/site-packages/urllib3/connectionpool.py", line 340, in _raise_timeout
    raise ReadTimeoutError(
urllib3.exceptions.ReadTimeoutError: HTTPSConnectionPool(host='api.wandb.ai', port=443): Read timed out. (read timeout=10)

During handling of the above exception, another exception occurred:

Traceback (most recent call last):
  File "/home/songoh/miniconda3/envs/mask/lib/python3.10/site-packages/wandb/sdk/lib/retry.py", line 113, in __call__
    result = self._call_fn(*args, **kwargs)
  File "/home/songoh/miniconda3/envs/mask/lib/python3.10/site-packages/wandb/sdk/internal/internal_api.py", line 204, in execute
    return self.client.execute(*args, **kwargs)  # type: ignore
  File "/home/songoh/miniconda3/envs/mask/lib/python3.10/site-packages/wandb/vendor/gql-0.2.0/wandb_gql/client.py", line 52, in execute
    result = self._get_result(document, *args, **kwargs)
  File "/home/songoh/miniconda3/envs/mask/lib/python3.10/site-packages/wandb/vendor/gql-0.2.0/wandb_gql/client.py", line 60, in _get_result
    return self.transport.execute(document, *args, **kwargs)
  File "/home/songoh/miniconda3/envs/mask/lib/python3.10/site-packages/wandb/vendor/gql-0.2.0/wandb_gql/transport/requests.py", line 38, in execute
    request = requests.post(self.url, **post_args)
  File "/home/songoh/miniconda3/envs/mask/lib/python3.10/site-packages/requests/api.py", line 115, in post
    return request("post", url, data=data, json=json, **kwargs)
  File "/home/songoh/miniconda3/envs/mask/lib/python3.10/site-packages/requests/api.py", line 59, in request
    return session.request(method=method, url=url, **kwargs)
  File "/home/songoh/miniconda3/envs/mask/lib/python3.10/site-packages/requests/sessions.py", line 587, in request
    resp = self.send(prep, **send_kwargs)
  File "/home/songoh/miniconda3/envs/mask/lib/python3.10/site-packages/requests/sessions.py", line 701, in send
    r = adapter.send(request, **kwargs)
  File "/home/songoh/miniconda3/envs/mask/lib/python3.10/site-packages/requests/adapters.py", line 578, in send
    raise ReadTimeout(e, request=request)
requests.exceptions.ReadTimeout: HTTPSConnectionPool(host='api.wandb.ai', port=443): Read timed out. (read timeout=10)
2023-08-24 15:33:07,737 DEBUG   HandlerThread:5871 [handler.py:handle_request():141] handle_request: stop_status
2023-08-24 15:33:27,738 DEBUG   HandlerThread:5871 [handler.py:handle_request():141] handle_request: stop_status
2023-08-24 15:33:47,738 DEBUG   HandlerThread:5871 [handler.py:handle_request():141] handle_request: stop_status
2023-08-24 15:33:52,882 DEBUG   SenderThread:5871 [sender.py:send():302] send: stats
2023-08-24 15:33:52,882 DEBUG   SenderThread:5871 [sender.py:send_request():316] send_request: stop_status
2023-08-24 15:33:53,193 DEBUG   SenderThread:5871 [sender.py:send():302] send: stats
2023-08-24 15:33:53,193 DEBUG   SenderThread:5871 [sender.py:send_request():316] send_request: stop_status
2023-08-24 15:33:53,479 DEBUG   SenderThread:5871 [sender.py:send_request():316] send_request: stop_status
2023-08-24 15:33:53,695 DEBUG   SenderThread:5871 [sender.py:send():302] send: stats
2023-08-24 15:33:53,696 DEBUG   SenderThread:5871 [sender.py:send_request():316] send_request: stop_status
2023-08-24 15:33:54,387 INFO    Thread-12 :5871 [dir_watcher.py:_on_file_modified():292] file/dir modified: /media/songoh/ssh3/songoh_ws/MaskDNtoBBox_GPU0/wandb/run-20230824_152220-t8stuqbo/files/output.log
2023-08-24 15:34:02,584 DEBUG   SenderThread:5871 [sender.py:send():302] send: stats
2023-08-24 15:34:07,739 DEBUG   HandlerThread:5871 [handler.py:handle_request():141] handle_request: stop_status
2023-08-24 15:34:07,739 DEBUG   SenderThread:5871 [sender.py:send_request():316] send_request: stop_status
2023-08-24 15:34:22,979 DEBUG   HandlerThread:5871 [handler.py:handle_request():141] handle_request: stop_status
2023-08-24 15:34:22,980 DEBUG   SenderThread:5871 [sender.py:send_request():316] send_request: stop_status
2023-08-24 15:34:33,141 DEBUG   SenderThread:5871 [sender.py:send():302] send: stats
2023-08-24 15:34:38,268 DEBUG   HandlerThread:5871 [handler.py:handle_request():141] handle_request: stop_status
2023-08-24 15:34:38,268 DEBUG   SenderThread:5871 [sender.py:send_request():316] send_request: stop_status
2023-08-24 15:34:54,365 DEBUG   HandlerThread:5871 [handler.py:handle_request():141] handle_request: stop_status
2023-08-24 15:34:54,366 DEBUG   SenderThread:5871 [sender.py:send_request():316] send_request: stop_status
2023-08-24 15:35:03,730 DEBUG   SenderThread:5871 [sender.py:send():302] send: stats
2023-08-24 15:35:09,680 DEBUG   HandlerThread:5871 [handler.py:handle_request():141] handle_request: stop_status
2023-08-24 15:35:09,680 DEBUG   SenderThread:5871 [sender.py:send_request():316] send_request: stop_status
2023-08-24 15:35:24,995 DEBUG   HandlerThread:5871 [handler.py:handle_request():141] handle_request: stop_status
2023-08-24 15:35:24,996 DEBUG   SenderThread:5871 [sender.py:send_request():316] send_request: stop_status
2023-08-24 15:35:34,307 DEBUG   SenderThread:5871 [sender.py:send():302] send: stats
2023-08-24 15:35:40,258 DEBUG   HandlerThread:5871 [handler.py:handle_request():141] handle_request: stop_status
2023-08-24 15:35:40,267 DEBUG   SenderThread:5871 [sender.py:send_request():316] send_request: stop_status
2023-08-24 15:35:55,481 DEBUG   HandlerThread:5871 [handler.py:handle_request():141] handle_request: stop_status
2023-08-24 15:35:55,482 DEBUG   SenderThread:5871 [sender.py:send_request():316] send_request: stop_status
2023-08-24 15:36:04,907 DEBUG   SenderThread:5871 [sender.py:send():302] send: stats
2023-08-24 15:36:10,763 DEBUG   HandlerThread:5871 [handler.py:handle_request():141] handle_request: stop_status
2023-08-24 15:36:10,763 DEBUG   SenderThread:5871 [sender.py:send_request():316] send_request: stop_status
2023-08-24 15:36:30,764 DEBUG   HandlerThread:5871 [handler.py:handle_request():141] handle_request: stop_status
2023-08-24 15:36:44,006 ERROR   SenderThread:5871 [retry.py:__call__():154] Retry attempt failed:
Traceback (most recent call last):
  File "/home/songoh/miniconda3/envs/mask/lib/python3.10/site-packages/urllib3/connectionpool.py", line 449, in _make_request
    six.raise_from(e, None)
  File "<string>", line 3, in raise_from
  File "/home/songoh/miniconda3/envs/mask/lib/python3.10/site-packages/urllib3/connectionpool.py", line 444, in _make_request
    httplib_response = conn.getresponse()
  File "/home/songoh/miniconda3/envs/mask/lib/python3.10/http/client.py", line 1374, in getresponse
    response.begin()
  File "/home/songoh/miniconda3/envs/mask/lib/python3.10/http/client.py", line 318, in begin
    version, status, reason = self._read_status()
  File "/home/songoh/miniconda3/envs/mask/lib/python3.10/http/client.py", line 279, in _read_status
    line = str(self.fp.readline(_MAXLINE + 1), "iso-8859-1")
  File "/home/songoh/miniconda3/envs/mask/lib/python3.10/socket.py", line 705, in readinto
    return self._sock.recv_into(b)
  File "/home/songoh/miniconda3/envs/mask/lib/python3.10/ssl.py", line 1274, in recv_into
    return self.read(nbytes, buffer)
  File "/home/songoh/miniconda3/envs/mask/lib/python3.10/ssl.py", line 1130, in read
    return self._sslobj.read(len, buffer)
TimeoutError: The read operation timed out

During handling of the above exception, another exception occurred:

Traceback (most recent call last):
  File "/home/songoh/miniconda3/envs/mask/lib/python3.10/site-packages/requests/adapters.py", line 489, in send
    resp = conn.urlopen(
  File "/home/songoh/miniconda3/envs/mask/lib/python3.10/site-packages/urllib3/connectionpool.py", line 787, in urlopen
    retries = retries.increment(
  File "/home/songoh/miniconda3/envs/mask/lib/python3.10/site-packages/urllib3/util/retry.py", line 550, in increment
    raise six.reraise(type(error), error, _stacktrace)
  File "/home/songoh/miniconda3/envs/mask/lib/python3.10/site-packages/urllib3/packages/six.py", line 770, in reraise
    raise value
  File "/home/songoh/miniconda3/envs/mask/lib/python3.10/site-packages/urllib3/connectionpool.py", line 703, in urlopen
    httplib_response = self._make_request(
  File "/home/songoh/miniconda3/envs/mask/lib/python3.10/site-packages/urllib3/connectionpool.py", line 451, in _make_request
    self._raise_timeout(err=e, url=url, timeout_value=read_timeout)
  File "/home/songoh/miniconda3/envs/mask/lib/python3.10/site-packages/urllib3/connectionpool.py", line 340, in _raise_timeout
    raise ReadTimeoutError(
urllib3.exceptions.ReadTimeoutError: HTTPSConnectionPool(host='api.wandb.ai', port=443): Read timed out. (read timeout=10)

During handling of the above exception, another exception occurred:

Traceback (most recent call last):
  File "/home/songoh/miniconda3/envs/mask/lib/python3.10/site-packages/wandb/sdk/lib/retry.py", line 113, in __call__
    result = self._call_fn(*args, **kwargs)
  File "/home/songoh/miniconda3/envs/mask/lib/python3.10/site-packages/wandb/sdk/internal/internal_api.py", line 204, in execute
    return self.client.execute(*args, **kwargs)  # type: ignore
  File "/home/songoh/miniconda3/envs/mask/lib/python3.10/site-packages/wandb/vendor/gql-0.2.0/wandb_gql/client.py", line 52, in execute
    result = self._get_result(document, *args, **kwargs)
  File "/home/songoh/miniconda3/envs/mask/lib/python3.10/site-packages/wandb/vendor/gql-0.2.0/wandb_gql/client.py", line 60, in _get_result
    return self.transport.execute(document, *args, **kwargs)
  File "/home/songoh/miniconda3/envs/mask/lib/python3.10/site-packages/wandb/vendor/gql-0.2.0/wandb_gql/transport/requests.py", line 38, in execute
    request = requests.post(self.url, **post_args)
  File "/home/songoh/miniconda3/envs/mask/lib/python3.10/site-packages/requests/api.py", line 115, in post
    return request("post", url, data=data, json=json, **kwargs)
  File "/home/songoh/miniconda3/envs/mask/lib/python3.10/site-packages/requests/api.py", line 59, in request
    return session.request(method=method, url=url, **kwargs)
  File "/home/songoh/miniconda3/envs/mask/lib/python3.10/site-packages/requests/sessions.py", line 587, in request
    resp = self.send(prep, **send_kwargs)
  File "/home/songoh/miniconda3/envs/mask/lib/python3.10/site-packages/requests/sessions.py", line 701, in send
    r = adapter.send(request, **kwargs)
  File "/home/songoh/miniconda3/envs/mask/lib/python3.10/site-packages/requests/adapters.py", line 578, in send
    raise ReadTimeout(e, request=request)
requests.exceptions.ReadTimeout: HTTPSConnectionPool(host='api.wandb.ai', port=443): Read timed out. (read timeout=10)
2023-08-24 15:36:50,764 DEBUG   HandlerThread:5871 [handler.py:handle_request():141] handle_request: stop_status
2023-08-24 15:37:08,402 DEBUG   SenderThread:5871 [sender.py:send_request():316] send_request: stop_status
2023-08-24 15:37:08,728 DEBUG   SenderThread:5871 [sender.py:send():302] send: stats
2023-08-24 15:37:08,729 DEBUG   SenderThread:5871 [sender.py:send_request():316] send_request: stop_status
2023-08-24 15:37:09,027 DEBUG   SenderThread:5871 [sender.py:send():302] send: stats
2023-08-24 15:37:10,765 DEBUG   HandlerThread:5871 [handler.py:handle_request():141] handle_request: stop_status
2023-08-24 15:37:10,766 DEBUG   SenderThread:5871 [sender.py:send_request():316] send_request: stop_status
2023-08-24 15:37:26,078 DEBUG   HandlerThread:5871 [handler.py:handle_request():141] handle_request: stop_status
2023-08-24 15:37:26,078 DEBUG   SenderThread:5871 [sender.py:send_request():316] send_request: stop_status
2023-08-24 15:37:36,711 DEBUG   SenderThread:5871 [sender.py:send():302] send: stats
2023-08-24 15:37:41,342 DEBUG   HandlerThread:5871 [handler.py:handle_request():141] handle_request: stop_status
2023-08-24 15:37:41,342 DEBUG   SenderThread:5871 [sender.py:send_request():316] send_request: stop_status
2023-08-24 15:37:56,727 DEBUG   HandlerThread:5871 [handler.py:handle_request():141] handle_request: stop_status
2023-08-24 15:37:56,728 DEBUG   SenderThread:5871 [sender.py:send_request():316] send_request: stop_status
2023-08-24 15:38:07,311 DEBUG   SenderThread:5871 [sender.py:send():302] send: stats
2023-08-24 15:38:11,980 DEBUG   HandlerThread:5871 [handler.py:handle_request():141] handle_request: stop_status
2023-08-24 15:38:11,980 DEBUG   SenderThread:5871 [sender.py:send_request():316] send_request: stop_status
2023-08-24 15:38:27,302 DEBUG   HandlerThread:5871 [handler.py:handle_request():141] handle_request: stop_status
2023-08-24 15:38:27,303 DEBUG   SenderThread:5871 [sender.py:send_request():316] send_request: stop_status
2023-08-24 15:38:37,892 DEBUG   SenderThread:5871 [sender.py:send():302] send: stats
2023-08-24 15:38:42,621 DEBUG   HandlerThread:5871 [handler.py:handle_request():141] handle_request: stop_status
2023-08-24 15:38:42,621 DEBUG   SenderThread:5871 [sender.py:send_request():316] send_request: stop_status
2023-08-24 15:38:57,833 DEBUG   HandlerThread:5871 [handler.py:handle_request():141] handle_request: stop_status
2023-08-24 15:38:57,834 DEBUG   SenderThread:5871 [sender.py:send_request():316] send_request: stop_status
2023-08-24 15:39:08,557 DEBUG   SenderThread:5871 [sender.py:send():302] send: stats
2023-08-24 15:39:13,150 DEBUG   HandlerThread:5871 [handler.py:handle_request():141] handle_request: stop_status
2023-08-24 15:39:13,150 DEBUG   SenderThread:5871 [sender.py:send_request():316] send_request: stop_status
2023-08-24 15:39:28,397 DEBUG   HandlerThread:5871 [handler.py:handle_request():141] handle_request: stop_status
2023-08-24 15:39:28,397 DEBUG   SenderThread:5871 [sender.py:send_request():316] send_request: stop_status
2023-08-24 15:39:39,134 DEBUG   SenderThread:5871 [sender.py:send():302] send: stats
2023-08-24 15:39:43,737 DEBUG   HandlerThread:5871 [handler.py:handle_request():141] handle_request: stop_status
2023-08-24 15:39:43,738 DEBUG   SenderThread:5871 [sender.py:send_request():316] send_request: stop_status
2023-08-24 15:39:56,535 INFO    Thread-12 :5871 [dir_watcher.py:_on_file_modified():292] file/dir modified: /media/songoh/ssh3/songoh_ws/MaskDNtoBBox_GPU0/wandb/run-20230824_152220-t8stuqbo/files/output.log
2023-08-24 15:39:59,014 DEBUG   HandlerThread:5871 [handler.py:handle_request():141] handle_request: stop_status
2023-08-24 15:39:59,014 DEBUG   SenderThread:5871 [sender.py:send_request():316] send_request: stop_status
2023-08-24 15:40:09,734 DEBUG   SenderThread:5871 [sender.py:send():302] send: stats
2023-08-24 15:40:14,308 DEBUG   HandlerThread:5871 [handler.py:handle_request():141] handle_request: stop_status
2023-08-24 15:40:14,309 DEBUG   SenderThread:5871 [sender.py:send_request():316] send_request: stop_status
2023-08-24 15:40:29,606 DEBUG   HandlerThread:5871 [handler.py:handle_request():141] handle_request: stop_status
2023-08-24 15:40:29,606 DEBUG   SenderThread:5871 [sender.py:send_request():316] send_request: stop_status
2023-08-24 15:40:40,314 DEBUG   SenderThread:5871 [sender.py:send():302] send: stats
2023-08-24 15:40:44,942 DEBUG   HandlerThread:5871 [handler.py:handle_request():141] handle_request: stop_status
2023-08-24 15:40:44,943 DEBUG   SenderThread:5871 [sender.py:send_request():316] send_request: stop_status
2023-08-24 15:41:00,220 DEBUG   HandlerThread:5871 [handler.py:handle_request():141] handle_request: stop_status
2023-08-24 15:41:00,221 DEBUG   SenderThread:5871 [sender.py:send_request():316] send_request: stop_status
2023-08-24 15:41:10,918 DEBUG   SenderThread:5871 [sender.py:send():302] send: stats
2023-08-24 15:41:15,534 DEBUG   HandlerThread:5871 [handler.py:handle_request():141] handle_request: stop_status
2023-08-24 15:41:15,535 DEBUG   SenderThread:5871 [sender.py:send_request():316] send_request: stop_status
2023-08-24 15:41:30,814 DEBUG   HandlerThread:5871 [handler.py:handle_request():141] handle_request: stop_status
2023-08-24 15:41:30,815 DEBUG   SenderThread:5871 [sender.py:send_request():316] send_request: stop_status
2023-08-24 15:41:41,517 DEBUG   SenderThread:5871 [sender.py:send():302] send: stats
2023-08-24 15:41:46,078 DEBUG   HandlerThread:5871 [handler.py:handle_request():141] handle_request: stop_status
2023-08-24 15:41:46,078 DEBUG   SenderThread:5871 [sender.py:send_request():316] send_request: stop_status
2023-08-24 15:42:01,340 DEBUG   HandlerThread:5871 [handler.py:handle_request():141] handle_request: stop_status
2023-08-24 15:42:01,340 DEBUG   SenderThread:5871 [sender.py:send_request():316] send_request: stop_status
2023-08-24 15:42:12,121 DEBUG   SenderThread:5871 [sender.py:send():302] send: stats
2023-08-24 15:42:16,615 DEBUG   HandlerThread:5871 [handler.py:handle_request():141] handle_request: stop_status
2023-08-24 15:42:16,615 DEBUG   SenderThread:5871 [sender.py:send_request():316] send_request: stop_status
2023-08-24 15:42:31,930 DEBUG   HandlerThread:5871 [handler.py:handle_request():141] handle_request: stop_status
2023-08-24 15:42:31,930 DEBUG   SenderThread:5871 [sender.py:send_request():316] send_request: stop_status
2023-08-24 15:42:42,830 DEBUG   SenderThread:5871 [sender.py:send():302] send: stats
2023-08-24 15:42:47,247 DEBUG   HandlerThread:5871 [handler.py:handle_request():141] handle_request: stop_status
2023-08-24 15:42:47,247 DEBUG   SenderThread:5871 [sender.py:send_request():316] send_request: stop_status
2023-08-24 15:43:02,531 DEBUG   HandlerThread:5871 [handler.py:handle_request():141] handle_request: stop_status
2023-08-24 15:43:02,531 DEBUG   SenderThread:5871 [sender.py:send_request():316] send_request: stop_status
2023-08-24 15:43:13,383 DEBUG   SenderThread:5871 [sender.py:send():302] send: stats
2023-08-24 15:43:17,742 DEBUG   HandlerThread:5871 [handler.py:handle_request():141] handle_request: stop_status
2023-08-24 15:43:17,743 DEBUG   SenderThread:5871 [sender.py:send_request():316] send_request: stop_status
2023-08-24 15:43:32,996 DEBUG   HandlerThread:5871 [handler.py:handle_request():141] handle_request: stop_status
2023-08-24 15:43:32,996 DEBUG   SenderThread:5871 [sender.py:send_request():316] send_request: stop_status
2023-08-24 15:43:43,985 DEBUG   SenderThread:5871 [sender.py:send():302] send: stats
2023-08-24 15:43:48,292 DEBUG   HandlerThread:5871 [handler.py:handle_request():141] handle_request: stop_status
2023-08-24 15:43:48,293 DEBUG   SenderThread:5871 [sender.py:send_request():316] send_request: stop_status
2023-08-24 15:44:03,498 DEBUG   HandlerThread:5871 [handler.py:handle_request():141] handle_request: stop_status
2023-08-24 15:44:03,499 DEBUG   SenderThread:5871 [sender.py:send_request():316] send_request: stop_status
2023-08-24 15:44:14,585 DEBUG   SenderThread:5871 [sender.py:send():302] send: stats
2023-08-24 15:44:18,811 DEBUG   HandlerThread:5871 [handler.py:handle_request():141] handle_request: stop_status
2023-08-24 15:44:18,811 DEBUG   SenderThread:5871 [sender.py:send_request():316] send_request: stop_status
2023-08-24 15:44:34,052 DEBUG   HandlerThread:5871 [handler.py:handle_request():141] handle_request: stop_status
2023-08-24 15:44:34,053 DEBUG   SenderThread:5871 [sender.py:send_request():316] send_request: stop_status
2023-08-24 15:44:45,195 DEBUG   SenderThread:5871 [sender.py:send():302] send: stats
2023-08-24 15:44:49,372 DEBUG   HandlerThread:5871 [handler.py:handle_request():141] handle_request: stop_status
2023-08-24 15:44:49,372 DEBUG   SenderThread:5871 [sender.py:send_request():316] send_request: stop_status
2023-08-24 15:45:04,591 DEBUG   HandlerThread:5871 [handler.py:handle_request():141] handle_request: stop_status
2023-08-24 15:45:04,591 DEBUG   SenderThread:5871 [sender.py:send_request():316] send_request: stop_status
2023-08-24 15:45:15,767 DEBUG   SenderThread:5871 [sender.py:send():302] send: stats
2023-08-24 15:45:19,916 DEBUG   HandlerThread:5871 [handler.py:handle_request():141] handle_request: stop_status
2023-08-24 15:45:19,916 DEBUG   SenderThread:5871 [sender.py:send_request():316] send_request: stop_status
2023-08-24 15:45:35,226 DEBUG   HandlerThread:5871 [handler.py:handle_request():141] handle_request: stop_status
2023-08-24 15:45:35,226 DEBUG   SenderThread:5871 [sender.py:send_request():316] send_request: stop_status
2023-08-24 15:45:46,315 DEBUG   SenderThread:5871 [sender.py:send():302] send: stats
2023-08-24 15:45:50,539 DEBUG   HandlerThread:5871 [handler.py:handle_request():141] handle_request: stop_status
2023-08-24 15:45:50,540 DEBUG   SenderThread:5871 [sender.py:send_request():316] send_request: stop_status
2023-08-24 15:46:05,788 DEBUG   HandlerThread:5871 [handler.py:handle_request():141] handle_request: stop_status
2023-08-24 15:46:05,788 DEBUG   SenderThread:5871 [sender.py:send_request():316] send_request: stop_status
2023-08-24 15:46:16,921 DEBUG   SenderThread:5871 [sender.py:send():302] send: stats
2023-08-24 15:46:21,066 DEBUG   HandlerThread:5871 [handler.py:handle_request():141] handle_request: stop_status
2023-08-24 15:46:21,067 DEBUG   SenderThread:5871 [sender.py:send_request():316] send_request: stop_status
2023-08-24 15:46:36,322 DEBUG   HandlerThread:5871 [handler.py:handle_request():141] handle_request: stop_status
2023-08-24 15:46:36,323 DEBUG   SenderThread:5871 [sender.py:send_request():316] send_request: stop_status
2023-08-24 15:46:47,567 DEBUG   SenderThread:5871 [sender.py:send():302] send: stats
2023-08-24 15:46:51,644 DEBUG   HandlerThread:5871 [handler.py:handle_request():141] handle_request: stop_status
2023-08-24 15:46:51,644 DEBUG   SenderThread:5871 [sender.py:send_request():316] send_request: stop_status
2023-08-24 15:47:06,965 DEBUG   HandlerThread:5871 [handler.py:handle_request():141] handle_request: stop_status
2023-08-24 15:47:06,965 DEBUG   SenderThread:5871 [sender.py:send_request():316] send_request: stop_status
2023-08-24 15:47:18,238 DEBUG   SenderThread:5871 [sender.py:send():302] send: stats
2023-08-24 15:47:22,289 DEBUG   HandlerThread:5871 [handler.py:handle_request():141] handle_request: stop_status
2023-08-24 15:47:22,290 DEBUG   SenderThread:5871 [sender.py:send_request():316] send_request: stop_status
2023-08-24 15:47:37,586 DEBUG   HandlerThread:5871 [handler.py:handle_request():141] handle_request: stop_status
2023-08-24 15:47:37,586 DEBUG   SenderThread:5871 [sender.py:send_request():316] send_request: stop_status
2023-08-24 15:47:48,849 DEBUG   SenderThread:5871 [sender.py:send():302] send: stats
2023-08-24 15:47:52,874 DEBUG   HandlerThread:5871 [handler.py:handle_request():141] handle_request: stop_status
2023-08-24 15:47:52,874 DEBUG   SenderThread:5871 [sender.py:send_request():316] send_request: stop_status
2023-08-24 15:48:08,228 DEBUG   HandlerThread:5871 [handler.py:handle_request():141] handle_request: stop_status
2023-08-24 15:48:08,228 DEBUG   SenderThread:5871 [sender.py:send_request():316] send_request: stop_status
